Using pre-set license
Built from '2020.3/staging' branch; Version is '2020.3.0f1 (c7b5465681fb) revision 13088070'; Using compiler version '192528614'; Build Type 'Release'
OS: 'Windows 10 Home; OS build 19042.928; Version 2009; 64bit' Language: 'en' Physical Memory: 16150 MB
BatchMode: 1, IsHumanControllingUs: 0, StartBugReporterOnCrash: 0, Is64bit: 1, IsPro: 0

 COMMAND LINE ARGUMENTS:
C:\Program Files\UnityVersions\2020.3.0f1\Editor\Unity.exe
-adb2
-batchMode
-noUpm
-name
AssetImportWorker0
-projectPath
C:/Creative Projects/Git/vision-Jargon57/Vision Game Project
-logFile
Logs/AssetImportWorker0.log
-srvPort
62728
Successfully changed project path to: C:/Creative Projects/Git/vision-Jargon57/Vision Game Project
C:/Creative Projects/Git/vision-Jargon57/Vision Game Project
Using Asset Import Pipeline V2.
Refreshing native plugins compatible for Editor in 55.95 ms, found 1 plugins.
Preloading 0 native plugins for Editor in 0.00 ms.
Initialize engine version: 2020.3.0f1 (c7b5465681fb)
[Subsystems] Discovering subsystems at path C:/Program Files/UnityVersions/2020.3.0f1/Editor/Data/Resources/UnitySubsystems
[Subsystems] Discovering subsystems at path C:/Creative Projects/Git/vision-Jargon57/Vision Game Project/Assets
GfxDevice: creating device client; threaded=0
Direct3D:
    Version:  Direct3D 11.0 [level 11.1]
    Renderer: NVIDIA GeForce RTX 2060 (ID=0x1f15)
    Vendor:   
    VRAM:     5980 MB
    Driver:   27.21.14.5763
Shader 'Universal Render Pipeline/Particles/Lit': fallback shader 'Universal Render Pipeline/Particles/SimpleLit' not found
Initialize mono
Mono path[0] = 'C:/Program Files/UnityVersions/2020.3.0f1/Editor/Data/Managed'
Mono path[1] = 'C:/Program Files/UnityVersions/2020.3.0f1/Editor/Data/MonoBleedingEdge/lib/mono/unityjit'
Mono config path = 'C:/Program Files/UnityVersions/2020.3.0f1/Editor/Data/MonoBleedingEdge/etc'
Using monoOptions --debugger-agent=transport=dt_socket,embedding=1,server=y,suspend=n,address=127.0.0.1:56664
Begin MonoManager ReloadAssembly
Registering precompiled unity dll's ...
Register platform support module: C:/Program Files/UnityVersions/2020.3.0f1/Editor/Data/PlaybackEngines/WindowsStandaloneSupport/UnityEditor.WindowsStandalone.Extensions.dll
Registered in 0.001564 seconds.
Native extension for WindowsStandalone target not found
Refreshing native plugins compatible for Editor in 51.23 ms, found 1 plugins.
Preloading 0 native plugins for Editor in 0.00 ms.
Invoked RoslynAnalysisRunner static constructor.
RoslynAnalysisRunner will not be running.
RoslynAnalysisRunner has terminated.
Mono: successfully reloaded assembly
- Completed reload, in  0.905 seconds
Platform modules already initialized, skipping
Registering precompiled user dll's ...
Registered in 0.001333 seconds.
Begin MonoManager ReloadAssembly
Native extension for WindowsStandalone target not found
Refreshing native plugins compatible for Editor in 54.42 ms, found 1 plugins.
Preloading 0 native plugins for Editor in 0.00 ms.
Invoked RoslynAnalysisRunner static constructor.
RoslynAnalysisRunner will not be running.
RoslynAnalysisRunner has terminated.
Mono: successfully reloaded assembly
- Completed reload, in  0.949 seconds
Platform modules already initialized, skipping
========================================================================
Worker process is ready to serve import requests
Shader 'Universal Render Pipeline/Particles/Lit': fallback shader 'Universal Render Pipeline/Particles/SimpleLit' not found
Launched and connected shader compiler UnityShaderCompiler.exe after 0.02 seconds
Refreshing native plugins compatible for Editor in 0.51 ms, found 1 plugins.
Preloading 0 native plugins for Editor in 0.00 ms.
Unloading 3398 Unused Serialized files (Serialized files now loaded: 0)
System memory in use before: 146.7 MB.
System memory in use after: 146.8 MB.

Unloading 28 unused Assets to reduce memory usage. Loaded Objects now: 3842.
Total: 4.013900 ms (FindLiveObjects: 0.726000 ms CreateObjectMapping: 0.418400 ms MarkObjects: 2.710200 ms  DeleteObjects: 0.158700 ms)

========================================================================
Received Import Request.
  path: Assets/cybersky-free-trial/Cybersky Free Trial.otf
  artifactKey: Guid(10c13fa5ad851f748a7808c05718d2f3) Importer(815301076,1909f56bfc062723c751e8b465ee728b)
Start importing Assets/cybersky-free-trial/Cybersky Free Trial.otf using Guid(10c13fa5ad851f748a7808c05718d2f3) Importer(815301076,1909f56bfc062723c751e8b465ee728b)  -> (artifact id: '98be591a58b5e6f2e160f77877f7c1b1') in 0.182807 seconds
  Import took 0.187509 seconds .

========================================================================
Received Import Request.
  Time since last request: 0.000201 seconds.
  path: Assets/cybersky-free-trial/Cybersky Free Trial.ttf
  artifactKey: Guid(5b2d3b4b12158e5458180aa399209601) Importer(815301076,1909f56bfc062723c751e8b465ee728b)
Start importing Assets/cybersky-free-trial/Cybersky Free Trial.ttf using Guid(5b2d3b4b12158e5458180aa399209601) Importer(815301076,1909f56bfc062723c751e8b465ee728b)  -> (artifact id: '33e583e2f9d2482af4f85455ab6c8aaf') in 0.009469 seconds
  Import took 0.013886 seconds .

========================================================================
Received Import Request.
  Time since last request: 0.398255 seconds.
  path: Assets/cybersky-free-trial/Cybersky Free Trial.otf
  artifactKey: Guid(10c13fa5ad851f748a7808c05718d2f3) Importer(815301076,1909f56bfc062723c751e8b465ee728b)
Start importing Assets/cybersky-free-trial/Cybersky Free Trial.otf using Guid(10c13fa5ad851f748a7808c05718d2f3) Importer(815301076,1909f56bfc062723c751e8b465ee728b)  -> (artifact id: '98be591a58b5e6f2e160f77877f7c1b1') in 0.012879 seconds
  Import took 0.019407 seconds .

========================================================================
Received Import Request.
  Time since last request: 255.570274 seconds.
  path: Packages/com.unity.render-pipelines.core/Editor/LookDev/Icons/LeftArrow@2x.png
  artifactKey: Guid(f0106cef986be534181a8582cffd29da) Importer(815301076,1909f56bfc062723c751e8b465ee728b)
Start importing Packages/com.unity.render-pipelines.core/Editor/LookDev/Icons/LeftArrow@2x.png using Guid(f0106cef986be534181a8582cffd29da) Importer(815301076,1909f56bfc062723c751e8b465ee728b)  -> (artifact id: '4a66f2ad92d3719e7cc7c7ffc2836ee3') in 0.059742 seconds
  Import took 0.065095 seconds .

========================================================================
Received Import Request.
  Time since last request: 8.095511 seconds.
  path: Assets/Images and Textures/Gravel.png
  artifactKey: Guid(3b6d84aff8c935b4ba04fa65bcfc3caa) Importer(815301076,1909f56bfc062723c751e8b465ee728b)
Start importing Assets/Images and Textures/Gravel.png using Guid(3b6d84aff8c935b4ba04fa65bcfc3caa) Importer(815301076,1909f56bfc062723c751e8b465ee728b)  -> (artifact id: 'd796e7ca1ba49a7a9d0b819af337cbc0') in 0.019702 seconds
  Import took 0.025592 seconds .

========================================================================
Received Import Request.
  Time since last request: 85.875510 seconds.
  path: Assets/Images and Textures/Gravel.png
  artifactKey: Guid(3b6d84aff8c935b4ba04fa65bcfc3caa) Importer(815301076,1909f56bfc062723c751e8b465ee728b)
Start importing Assets/Images and Textures/Gravel.png using Guid(3b6d84aff8c935b4ba04fa65bcfc3caa) Importer(815301076,1909f56bfc062723c751e8b465ee728b)  -> (artifact id: '7868540a79a3837cd5862c9a63b47999') in 0.015969 seconds
  Import took 0.021590 seconds .

========================================================================
Received Prepare
Registering precompiled user dll's ...
Registered in 0.001295 seconds.
Begin MonoManager ReloadAssembly
Native extension for WindowsStandalone target not found
Refreshing native plugins compatible for Editor in 0.49 ms, found 1 plugins.
Preloading 0 native plugins for Editor in 0.00 ms.
Invoked RoslynAnalysisRunner static constructor.
RoslynAnalysisRunner will not be running.
RoslynAnalysisRunner has terminated.
Mono: successfully reloaded assembly
- Completed reload, in  0.898 seconds
Platform modules already initialized, skipping
Shader 'Universal Render Pipeline/Particles/Lit': fallback shader 'Universal Render Pipeline/Particles/SimpleLit' not found
Refreshing native plugins compatible for Editor in 0.59 ms, found 1 plugins.
Preloading 0 native plugins for Editor in 0.00 ms.
Unloading 3287 Unused Serialized files (Serialized files now loaded: 0)
System memory in use before: 146.4 MB.
System memory in use after: 146.5 MB.

Unloading 14 unused Assets to reduce memory usage. Loaded Objects now: 3932.
Total: 3.517100 ms (FindLiveObjects: 0.686900 ms CreateObjectMapping: 0.352400 ms MarkObjects: 2.373000 ms  DeleteObjects: 0.103300 ms)

========================================================================
Received Import Request.
  Time since last request: 97.481622 seconds.
  path: Assets/Images and Textures/Sand Testure.png
  artifactKey: Guid(8eeee7304e7750b47b65d36c163ca04c) Importer(815301076,1909f56bfc062723c751e8b465ee728b)
Start importing Assets/Images and Textures/Sand Testure.png using Guid(8eeee7304e7750b47b65d36c163ca04c) Importer(815301076,1909f56bfc062723c751e8b465ee728b)  -> (artifact id: 'f87d711441cd792a4e317bad3c50da6f') in 0.067304 seconds
  Import took 0.072417 seconds .

========================================================================
Received Import Request.
  Time since last request: 34.462554 seconds.
  path: Assets/Materials/New Material.mat
  artifactKey: Guid(ba9c15c30d2452442b6693ee42741a5b) Importer(815301076,1909f56bfc062723c751e8b465ee728b)
Start importing Assets/Materials/New Material.mat using Guid(ba9c15c30d2452442b6693ee42741a5b) Importer(815301076,1909f56bfc062723c751e8b465ee728b)  -> (artifact id: '9691185a641892101be6633fcb925b42') in 0.112734 seconds
  Import took 0.118573 seconds .

========================================================================
Received Import Request.
  Time since last request: 191.345209 seconds.
  path: Assets/Scenes/Levels/Level 2.unity
  artifactKey: Guid(59a5466a4874c11428990a307aa4e863) Importer(815301076,1909f56bfc062723c751e8b465ee728b)
Start importing Assets/Scenes/Levels/Level 2.unity using Guid(59a5466a4874c11428990a307aa4e863) Importer(815301076,1909f56bfc062723c751e8b465ee728b)  -> (artifact id: '2078e2c1de87689c0bcc168544d362b2') in 0.008323 seconds
  Import took 0.014151 seconds .

========================================================================
Received Import Request.
  Time since last request: 104.354086 seconds.
  path: Assets/Images and Textures/Track Peices/sand 2.png
  artifactKey: Guid(97b0f7698501d2f478c33f5d97fe6abc) Importer(815301076,1909f56bfc062723c751e8b465ee728b)
Start importing Assets/Images and Textures/Track Peices/sand 2.png using Guid(97b0f7698501d2f478c33f5d97fe6abc) Importer(815301076,1909f56bfc062723c751e8b465ee728b)  -> (artifact id: '5af728e510cea3c747ce9d750c796f7f') in 0.042947 seconds
  Import took 0.049067 seconds .

========================================================================
Received Import Request.
  Time since last request: 53.395416 seconds.
  path: Assets/Images and Textures/Track Peices/sand 2.png
  artifactKey: Guid(97b0f7698501d2f478c33f5d97fe6abc) Importer(815301076,1909f56bfc062723c751e8b465ee728b)
Start importing Assets/Images and Textures/Track Peices/sand 2.png using Guid(97b0f7698501d2f478c33f5d97fe6abc) Importer(815301076,1909f56bfc062723c751e8b465ee728b)  -> (artifact id: '8abeffcb0897f38cba361a06d710d0ab') in 0.038614 seconds
  Import took 0.044953 seconds .

========================================================================
Received Import Request.
  Time since last request: 22.697321 seconds.
  path: Assets/Scenes/Levels/Level 3.unity
  artifactKey: Guid(97d1ab4a218eadd4092a8f9c5be50888) Importer(815301076,1909f56bfc062723c751e8b465ee728b)
Start importing Assets/Scenes/Levels/Level 3.unity using Guid(97d1ab4a218eadd4092a8f9c5be50888) Importer(815301076,1909f56bfc062723c751e8b465ee728b)  -> (artifact id: '0c33dffaedd1fde54fb60ae2e47053e1') in 0.007047 seconds
  Import took 0.019999 seconds .

========================================================================
Received Import Request.
  Time since last request: 56.457432 seconds.
  path: Assets/Images and Textures/Track Peices/Sand 3.png
  artifactKey: Guid(da9c78240d9a90d4a8959e31d9256253) Importer(815301076,1909f56bfc062723c751e8b465ee728b)
Start importing Assets/Images and Textures/Track Peices/Sand 3.png using Guid(da9c78240d9a90d4a8959e31d9256253) Importer(815301076,1909f56bfc062723c751e8b465ee728b)  -> (artifact id: 'ff7f2319bd012eef1f717b4e7be4e2d5') in 0.026530 seconds
  Import took 0.031677 seconds .

========================================================================
Received Import Request.
  Time since last request: 21.753458 seconds.
  path: Assets/Scenes/Levels/Level 1.unity
  artifactKey: Guid(59a0970132a98044a980ae251fd99ee2) Importer(815301076,1909f56bfc062723c751e8b465ee728b)
Start importing Assets/Scenes/Levels/Level 1.unity using Guid(59a0970132a98044a980ae251fd99ee2) Importer(815301076,1909f56bfc062723c751e8b465ee728b)  -> (artifact id: '2387696e64ef8c2dc12003a4f93ab276') in 0.006374 seconds
  Import took 0.011699 seconds .

========================================================================
Received Prepare
Registering precompiled user dll's ...
Registered in 0.001509 seconds.
Begin MonoManager ReloadAssembly
Native extension for WindowsStandalone target not found
Refreshing native plugins compatible for Editor in 0.49 ms, found 1 plugins.
Preloading 0 native plugins for Editor in 0.00 ms.
Invoked RoslynAnalysisRunner static constructor.
RoslynAnalysisRunner will not be running.
RoslynAnalysisRunner has terminated.
Mono: successfully reloaded assembly
- Completed reload, in  0.967 seconds
Platform modules already initialized, skipping
Shader 'Universal Render Pipeline/Particles/Lit': fallback shader 'Universal Render Pipeline/Particles/SimpleLit' not found
Refreshing native plugins compatible for Editor in 0.50 ms, found 1 plugins.
Preloading 0 native plugins for Editor in 0.00 ms.
Unloading 3287 Unused Serialized files (Serialized files now loaded: 0)
System memory in use before: 146.6 MB.
System memory in use after: 146.7 MB.

Unloading 14 unused Assets to reduce memory usage. Loaded Objects now: 3974.
Total: 3.051200 ms (FindLiveObjects: 0.415200 ms CreateObjectMapping: 0.217000 ms MarkObjects: 2.293400 ms  DeleteObjects: 0.124500 ms)

========================================================================
Received Prepare
Registering precompiled user dll's ...
Registered in 0.001410 seconds.
Begin MonoManager ReloadAssembly
Native extension for WindowsStandalone target not found
Refreshing native plugins compatible for Editor in 0.67 ms, found 1 plugins.
Preloading 0 native plugins for Editor in 0.00 ms.
Invoked RoslynAnalysisRunner static constructor.
RoslynAnalysisRunner will not be running.
RoslynAnalysisRunner has terminated.
Mono: successfully reloaded assembly
- Completed reload, in  0.961 seconds
Platform modules already initialized, skipping
Shader 'Universal Render Pipeline/Particles/Lit': fallback shader 'Universal Render Pipeline/Particles/SimpleLit' not found
Refreshing native plugins compatible for Editor in 0.76 ms, found 1 plugins.
Preloading 0 native plugins for Editor in 0.00 ms.
Unloading 3287 Unused Serialized files (Serialized files now loaded: 0)
System memory in use before: 146.7 MB.
System memory in use after: 146.8 MB.

Unloading 14 unused Assets to reduce memory usage. Loaded Objects now: 3978.
Total: 3.516800 ms (FindLiveObjects: 0.469900 ms CreateObjectMapping: 0.194600 ms MarkObjects: 2.723300 ms  DeleteObjects: 0.125700 ms)

========================================================================
Received Prepare
Registering precompiled user dll's ...
Registered in 0.001608 seconds.
Begin MonoManager ReloadAssembly
Native extension for WindowsStandalone target not found
Refreshing native plugins compatible for Editor in 1.30 ms, found 1 plugins.
Preloading 0 native plugins for Editor in 0.00 ms.
Invoked RoslynAnalysisRunner static constructor.
RoslynAnalysisRunner will not be running.
RoslynAnalysisRunner has terminated.
Mono: successfully reloaded assembly
- Completed reload, in  1.051 seconds
Platform modules already initialized, skipping
Shader 'Universal Render Pipeline/Particles/Lit': fallback shader 'Universal Render Pipeline/Particles/SimpleLit' not found
Refreshing native plugins compatible for Editor in 0.57 ms, found 1 plugins.
Preloading 0 native plugins for Editor in 0.00 ms.
Unloading 3287 Unused Serialized files (Serialized files now loaded: 0)
System memory in use before: 146.7 MB.
System memory in use after: 146.8 MB.

Unloading 14 unused Assets to reduce memory usage. Loaded Objects now: 3982.
Total: 3.206400 ms (FindLiveObjects: 0.490200 ms CreateObjectMapping: 0.249500 ms MarkObjects: 2.345900 ms  DeleteObjects: 0.118800 ms)

========================================================================
Received Import Request.
  Time since last request: 961.688709 seconds.
  path: Assets/Scenes/Levels/Level 1.unity
  artifactKey: Guid(59a0970132a98044a980ae251fd99ee2) Importer(815301076,1909f56bfc062723c751e8b465ee728b)
Start importing Assets/Scenes/Levels/Level 1.unity using Guid(59a0970132a98044a980ae251fd99ee2) Importer(815301076,1909f56bfc062723c751e8b465ee728b)  -> (artifact id: 'cf5b259886fac398bff4347f7910ae83') in 0.014654 seconds
  Import took 0.020647 seconds .

========================================================================
Received Import Request.
  Time since last request: 64.121262 seconds.
  path: Assets/Scenes/Levels/Level 2.unity
  artifactKey: Guid(59a5466a4874c11428990a307aa4e863) Importer(815301076,1909f56bfc062723c751e8b465ee728b)
Start importing Assets/Scenes/Levels/Level 2.unity using Guid(59a5466a4874c11428990a307aa4e863) Importer(815301076,1909f56bfc062723c751e8b465ee728b)  -> (artifact id: '171b366d483d3a29c6206cd578ca76c3') in 0.002699 seconds
  Import took 0.008308 seconds .

AssetImportWorkerClient::OnTransportError - code=2 error=End of file
